This is pdfTeX, Version 3.14159265-2.6-1.40.18 (TeX Live 2017/Debian) (preloaded format=pdflatex 2018.12.11)  11 MAR 2019 13:55
entering extended mode
 restricted \write18 enabled.
 %&-line parsing enabled.
**distributed_logic_programming_with_oracles_and_kappa.tex
(./distributed_logic_programming_with_oracles_and_kappa.tex
LaTeX2e <2017-04-15>
Babel <3.18> and hyphenation patterns for 3 language(s) loaded.
(/home/ijl20/texmf/tex/latex/base/article.cls
Document Class: article 2014/09/29 v1.4h Standard LaTeX document class
(/home/ijl20/texmf/tex/latex/base/size11.clo
File: size11.clo 2014/09/29 v1.4h Standard LaTeX file (size option)
)
\c@part=\count79
\c@section=\count80
\c@subsection=\count81
\c@subsubsection=\count82
\c@paragraph=\count83
\c@subparagraph=\count84
\c@figure=\count85
\c@table=\count86
\abovecaptionskip=\skip41
\belowcaptionskip=\skip42
\bibindent=\dimen102
)
(/usr/share/texlive/texmf-dist/tex/latex/graphics/rotating.sty
Package: rotating 2016/08/11 v2.16d rotated objects in LaTeX

(/usr/share/texlive/texmf-dist/tex/latex/graphics/graphicx.sty
Package: graphicx 2017/06/01 v1.1a Enhanced LaTeX Graphics (DPC,SPQR)

(/usr/share/texlive/texmf-dist/tex/latex/graphics/keyval.sty
Package: keyval 2014/10/28 v1.15 key=value parser (DPC)
\KV@toks@=\toks14
)
(/usr/share/texlive/texmf-dist/tex/latex/graphics/graphics.sty
Package: graphics 2017/06/25 v1.2c Standard LaTeX Graphics (DPC,SPQR)

(/usr/share/texlive/texmf-dist/tex/latex/graphics/trig.sty
Package: trig 2016/01/03 v1.10 sin cos tan (DPC)
)
(/usr/share/texlive/texmf-dist/tex/latex/graphics-cfg/graphics.cfg
File: graphics.cfg 2016/06/04 v1.11 sample graphics configuration
)
Package graphics Info: Driver file: pdftex.def on input line 99.

(/usr/share/texlive/texmf-dist/tex/latex/graphics-def/pdftex.def
File: pdftex.def 2018/01/08 v1.0l Graphics/color driver for pdftex
))
\Gin@req@height=\dimen103
\Gin@req@width=\dimen104
)
(/home/ijl20/texmf/tex/latex/base/ifthen.sty
Package: ifthen 2014/09/29 v1.1c Standard LaTeX ifthen package (DPC)
)
\c@r@tfl@t=\count87
\rotFPtop=\skip43
\rotFPbot=\skip44
\rot@float@box=\box26
\rot@mess@toks=\toks15
)
(/usr/share/texlive/texmf-dist/tex/latex/subfigure/subfigure.sty
Package: subfigure 2002/03/15 v2.1.5 subfigure package
\subfigtopskip=\skip45
\subfigcapskip=\skip46
\subfigcaptopadj=\dimen105
\subfigbottomskip=\skip47
\subfigcapmargin=\dimen106
\subfiglabelskip=\skip48
\c@subfigure=\count88
\c@lofdepth=\count89
\c@subtable=\count90
\c@lotdepth=\count91

****************************************
* Local config file subfigure.cfg used *
****************************************
(/usr/share/texlive/texmf-dist/tex/latex/subfigure/subfigure.cfg)
\subfig@top=\skip49
\subfig@bottom=\skip50
)
(/home/ijl20/texmf/tex/latex/base/latexsym.sty
Package: latexsym 1998/08/17 v2.2e Standard LaTeX package (lasy symbols)
\symlasy=\mathgroup4
LaTeX Font Info:    Overwriting symbol font `lasy' in version `bold'
(Font)                  U/lasy/m/n --> U/lasy/b/n on input line 52.
)
(/home/ijl20/texmf/tex/latex/base/alltt.sty
Package: alltt 1997/06/16 v2.0g defines alltt environment
)
(./distributed_logic_programming_with_oracles_and_kappa.aux)
\openout1 = `distributed_logic_programming_with_oracles_and_kappa.aux'.

LaTeX Font Info:    Checking defaults for OML/cmm/m/it on input line 39.
LaTeX Font Info:    ... okay on input line 39.
LaTeX Font Info:    Checking defaults for T1/cmr/m/n on input line 39.
LaTeX Font Info:    ... okay on input line 39.
LaTeX Font Info:    Checking defaults for OT1/cmr/m/n on input line 39.
LaTeX Font Info:    ... okay on input line 39.
LaTeX Font Info:    Checking defaults for OMS/cmsy/m/n on input line 39.
LaTeX Font Info:    ... okay on input line 39.
LaTeX Font Info:    Checking defaults for OMX/cmex/m/n on input line 39.
LaTeX Font Info:    ... okay on input line 39.
LaTeX Font Info:    Checking defaults for U/cmr/m/n on input line 39.
LaTeX Font Info:    ... okay on input line 39.

(/usr/share/texlive/texmf-dist/tex/context/base/mkii/supp-pdf.mkii
[Loading MPS to PDF converter (version 2006.09.02).]
\scratchcounter=\count92
\scratchdimen=\dimen107
\scratchbox=\box27
\nofMPsegments=\count93
\nofMParguments=\count94
\everyMPshowfont=\toks16
\MPscratchCnt=\count95
\MPscratchDim=\dimen108
\MPnumerator=\count96
\makeMPintoPDFobject=\count97
\everyMPtoPDFconversion=\toks17
) (/usr/share/texlive/texmf-dist/tex/latex/oberdiek/epstopdf-base.sty
Package: epstopdf-base 2016/05/15 v2.6 Base part for package epstopdf

(/usr/share/texlive/texmf-dist/tex/generic/oberdiek/infwarerr.sty
Package: infwarerr 2016/05/16 v1.4 Providing info/warning/error messages (HO)
)
(/usr/share/texlive/texmf-dist/tex/latex/oberdiek/grfext.sty
Package: grfext 2016/05/16 v1.2 Manage graphics extensions (HO)

(/usr/share/texlive/texmf-dist/tex/generic/oberdiek/kvdefinekeys.sty
Package: kvdefinekeys 2016/05/16 v1.4 Define keys (HO)

(/usr/share/texlive/texmf-dist/tex/generic/oberdiek/ltxcmds.sty
Package: ltxcmds 2016/05/16 v1.23 LaTeX kernel commands for general use (HO)
)))
(/usr/share/texlive/texmf-dist/tex/latex/oberdiek/kvoptions.sty
Package: kvoptions 2016/05/16 v3.12 Key value format for package options (HO)

(/usr/share/texlive/texmf-dist/tex/generic/oberdiek/kvsetkeys.sty
Package: kvsetkeys 2016/05/16 v1.17 Key value parser (HO)

(/usr/share/texlive/texmf-dist/tex/generic/oberdiek/etexcmds.sty
Package: etexcmds 2016/05/16 v1.6 Avoid name clashes with e-TeX commands (HO)

(/usr/share/texlive/texmf-dist/tex/generic/oberdiek/ifluatex.sty
Package: ifluatex 2016/05/16 v1.4 Provides the ifluatex switch (HO)
Package ifluatex Info: LuaTeX not detected.
)
Package etexcmds Info: Could not find \expanded.
(etexcmds)             That can mean that you are not using pdfTeX 1.50 or
(etexcmds)             that some package has redefined \expanded.
(etexcmds)             In the latter case, load this package earlier.
)))
(/usr/share/texlive/texmf-dist/tex/generic/oberdiek/pdftexcmds.sty
Package: pdftexcmds 2018/01/21 v0.26 Utility functions of pdfTeX for LuaTeX (HO
)

(/usr/share/texlive/texmf-dist/tex/generic/oberdiek/ifpdf.sty
Package: ifpdf 2017/03/15 v3.2 Provides the ifpdf switch
)
Package pdftexcmds Info: LuaTeX not detected.
Package pdftexcmds Info: \pdf@primitive is available.
Package pdftexcmds Info: \pdf@ifprimitive is available.
Package pdftexcmds Info: \pdfdraftmode found.
)
Package epstopdf-base Info: Redefining graphics rule for `.eps' on input line 4
38.
Package grfext Info: Graphics extension search list:
(grfext)             [.pdf,.png,.jpg,.mps,.jpeg,.jbig2,.jb2,.PDF,.PNG,.JPG,.JPE
G,.JBIG2,.JB2,.eps]
(grfext)             \AppendGraphicsExtensions on input line 456.

(/home/ijl20/texmf/tex/latex/latexconfig/epstopdf-sys.cfg
File: epstopdf-sys.cfg 2010/07/13 v1.3 Configuration of (r)epstopdf for TeX Liv
e
))
LaTeX Font Info:    Font shape `OT1/cmtt/bx/n' in size <20.74> not available
(Font)              Font shape `OT1/cmtt/m/n' tried instead on input line 43.

Overfull \hbox (1.54326pt too wide) in paragraph at lines 42--52
\OT1/cmr/bx/n/20.74 Distributed logic pro-gram-ming with
 []


Underfull \hbox (badness 10000) in paragraph at lines 42--52

 []


Underfull \hbox (badness 10000) in paragraph at lines 42--52

 []


Underfull \hbox (badness 10000) in paragraph at lines 42--52

 []


Underfull \hbox (badness 10000) in paragraph at lines 54--58

 []

<and_or_tree.png, id=1, 1401.235pt x 589.20125pt>
File: and_or_tree.png Graphic file (type png)
<use and_or_tree.png>
Package pdftex.def Info: and_or_tree.png  used on input line 96.
(pdftex.def)             Requested size: 360.0pt x 151.37263pt.
[1

{/var/lib/texmf/fonts/map/pdftex/updmap/pdftex.map}]
<or_only_tree.png, id=13, 635.37375pt x 1121.18875pt>
File: or_only_tree.png Graphic file (type png)
<use or_only_tree.png>
Package pdftex.def Info: or_only_tree.png  used on input line 114.
(pdftex.def)             Requested size: 360.0pt x 635.28627pt.


LaTeX Warning: Float too large for page by 65.21518pt on input line 117.

LaTeX Font Info:    External font `cmex10' loaded for size
(Font)              <10.95> on input line 120.
LaTeX Font Info:    External font `cmex10' loaded for size
(Font)              <8> on input line 120.
LaTeX Font Info:    External font `cmex10' loaded for size
(Font)              <6> on input line 120.
LaTeX Font Info:    Try loading font information for U+lasy on input line 120.
(/home/ijl20/texmf/tex/latex/base/ulasy.fd
File: ulasy.fd 1998/08/17 v2.2e LaTeX symbol font definitions
)
LaTeX Font Info:    External font `cmex10' loaded for size
(Font)              <9> on input line 125.
LaTeX Font Info:    External font `cmex10' loaded for size
(Font)              <5> on input line 125.
 [2 <./and_or_tree.png>] [3 <./or_only_tree.png>]
LaTeX Font Info:    Try loading font information for OMS+cmr on input line 149.

 (/home/ijl20/texmf/tex/latex/base/omscmr.fd
File: omscmr.fd 2014/09/29 v2.5h Standard LaTeX font definitions
)
LaTeX Font Info:    Font shape `OMS/cmr/m/n' in size <10.95> not available
(Font)              Font shape `OMS/cmsy/m/n' tried instead on input line 149.
 [4]
<bfp.png, id=29, 1150.2975pt x 1392.20125pt>
File: bfp.png Graphic file (type png)
<use bfp.png>
Package pdftex.def Info: bfp.png  used on input line 219.
(pdftex.def)             Requested size: 360.0pt x 435.69913pt.
<pent_bfp.png, id=30, 1204.5pt x 845.1575pt>
File: pent_bfp.png Graphic file (type png)
<use pent_bfp.png>
Package pdftex.def Info: pent_bfp.png  used on input line 247.
(pdftex.def)             Requested size: 360.0pt x 252.5949pt.
 [5] [6 <./bfp.png>]
<pent_bfp_l.png, id=40, 1204.5pt x 845.1575pt>
File: pent_bfp_l.png Graphic file (type png)
<use pent_bfp_l.png>
Package pdftex.def Info: pent_bfp_l.png  used on input line 274.
(pdftex.def)             Requested size: 360.0pt x 252.5949pt.
<overbeek_bfp.png, id=41, 1204.5pt x 845.1575pt>
File: overbeek_bfp.png Graphic file (type png)
<use overbeek_bfp.png>
Package pdftex.def Info: overbeek_bfp.png  used on input line 300.
(pdftex.def)             Requested size: 360.0pt x 252.5949pt.
 [7 <./pent_bfp.png>] [8 <./pent_bfp_l.png> <./overbeek_bfp.png>]
<port_tree.png, id=52, 1229.59375pt x 789.95125pt>
File: port_tree.png Graphic file (type png)
<use port_tree.png>
Package pdftex.def Info: port_tree.png  used on input line 335.
(pdftex.def)             Requested size: 360.0pt x 231.28581pt.
 [9 <./port_tree.png>]
LaTeX Font Info:    Font shape `OT1/cmtt/bx/n' in size <14.4> not available
(Font)              Font shape `OT1/cmtt/m/n' tried instead on input line 362.
<sok.png, id=58, 1325.95375pt x 940.51375pt>
File: sok.png Graphic file (type png)
<use sok.png>
Package pdftex.def Info: sok.png  used on input line 374.
(pdftex.def)             Requested size: 360.0pt x 255.34851pt.
 [10] [11 <./sok.png>]
<pent_sok.png, id=67, 1204.5pt x 845.1575pt>
File: pent_sok.png Graphic file (type png)
<use pent_sok.png>
Package pdftex.def Info: pent_sok.png  used on input line 456.
(pdftex.def)             Requested size: 360.0pt x 252.5949pt.

Overfull \hbox (6.1124pt too wide) in paragraph at lines 463--468
[]\OT1/cmr/bx/n/10.95 Small poi-soned or-a-cles: \OT1/cmr/m/n/10.95 fun-da-men-
tal to the use of \OT1/cmtt/m/n/10.95 kappa \OT1/cmr/m/n/10.95 for breadth-
 []

[12]
Overfull \hbox (5.04057pt too wide) in paragraph at lines 489--495
[]\OT1/cmr/bx/n/10.95 Control pro-ces-sor re-quire-ments: \OT1/cmr/m/n/10.95 th
e SOK strat-egy de-scribed above
 []

[13 <./pent_sok.png>]
Overfull \hbox (13.6647pt too wide) in paragraph at lines 546--546
[]\OT1/cmtt/m/n/10.95 g(U,V) :- p(U),q(V),r(U,V).  g(U,V) :- kappa(1),p(U),q(V)
,r(U,V).[] 
 []

[14]
LaTeX Font Info:    Font shape `OMS/cmr/m/it' in size <10.95> not available
(Font)              Font shape `OMS/cmsy/m/n' tried instead on input line 577.
 [15] [16] (./distributed_logic_programming_with_oracles_and_kappa.aux) ) 
Here is how much of TeX's memory you used:
 1864 strings out of 494923
 26897 string characters out of 6180741
 79560 words of memory out of 5000000
 5142 multiletter control sequences out of 15000+600000
 10964 words of font info for 43 fonts, out of 8000000 for 9000
 15 hyphenation exceptions out of 8191
 41i,8n,25p,319b,215s stack positions out of 5000i,500n,10000p,200000b,80000s
</usr/
share/texlive/texmf-dist/fonts/type1/public/amsfonts/cm/cmbx10.pfb></usr/share/
texlive/texmf-dist/fonts/type1/public/amsfonts/cm/cmbx12.pfb></usr/share/texliv
e/texmf-dist/fonts/type1/public/amsfonts/cm/cmmi10.pfb></usr/share/texlive/texm
f-dist/fonts/type1/public/amsfonts/cm/cmr10.pfb></usr/share/texlive/texmf-dist/
fonts/type1/public/amsfonts/cm/cmr12.pfb></usr/share/texlive/texmf-dist/fonts/t
ype1/public/amsfonts/cm/cmr6.pfb></usr/share/texlive/texmf-dist/fonts/type1/pub
lic/amsfonts/cm/cmr8.pfb></usr/share/texlive/texmf-dist/fonts/type1/public/amsf
onts/cm/cmr9.pfb></usr/share/texlive/texmf-dist/fonts/type1/public/amsfonts/cm/
cmsy10.pfb></usr/share/texlive/texmf-dist/fonts/type1/public/amsfonts/cm/cmsy8.
pfb></usr/share/texlive/texmf-dist/fonts/type1/public/amsfonts/cm/cmti10.pfb></
usr/share/texlive/texmf-dist/fonts/type1/public/amsfonts/cm/cmtt10.pfb></usr/sh
are/texlive/texmf-dist/fonts/type1/public/amsfonts/cm/cmtt12.pfb></usr/share/te
xlive/texmf-dist/fonts/type1/public/amsfonts/cm/cmtt9.pfb>
Output written on distributed_logic_programming_with_oracles_and_kappa.pdf (16 
pages, 487570 bytes).
PDF statistics:
 131 PDF objects out of 1000 (max. 8388607)
 80 compressed objects within 1 object stream
 0 named destinations out of 1000 (max. 500000)
 46 words of extra memory for PDF output out of 10000 (max. 10000000)

