This is TeX, Version 3.1415 (C version 6.1) (format=latex 97.5.5)  2 DEC 1997 11:21
**ijl20_bib
(ijl20_bib.tex
LaTeX2e <1996/12/01> patch level 1
(/usr/lib/tex/macros/latex2e/base/article.cls
Document Class: article 1996/10/31 v1.3u Standard LaTeX document class
(/usr/lib/tex/macros/latex2e/base/size10.clo
File: size10.clo 1996/10/31 v1.3u Standard LaTeX file (size option)
)
\c@part=\count79
\c@section=\count80
\c@subsection=\count81
\c@subsubsection=\count82
\c@paragraph=\count83
\c@subparagraph=\count84
\c@figure=\count85
\c@table=\count86
\abovecaptionskip=\skip41
\belowcaptionskip=\skip42
\bibindent=\dimen102
) (ijl20_bib.aux)
LaTeX Font Info:    Checking defaults for OML/cmm/m/it on input line 2.
LaTeX Font Info:    ... okay on input line 2.
LaTeX Font Info:    Checking defaults for T1/cmr/m/n on input line 2.
LaTeX Font Info:    ... okay on input line 2.
LaTeX Font Info:    Checking defaults for OT1/cmr/m/n on input line 2.
LaTeX Font Info:    ... okay on input line 2.
LaTeX Font Info:    Checking defaults for OMS/cmsy/m/n on input line 2.
LaTeX Font Info:    ... okay on input line 2.
LaTeX Font Info:    Checking defaults for OMX/cmex/m/n on input line 2.
LaTeX Font Info:    ... okay on input line 2.
LaTeX Font Info:    Checking defaults for U/cmr/m/n on input line 2.
LaTeX Font Info:    ... okay on input line 2.
LaTeX Font Info:    External font `cmex10' loaded for size
(Font)              <12> on input line 6.
LaTeX Font Info:    External font `cmex10' loaded for size
(Font)              <8> on input line 6.
LaTeX Font Info:    External font `cmex10' loaded for size
(Font)              <6> on input line 6.
 (ijl20_bib.bbl
[1

] [2] [3] [4] [5] [6] [7] [8]
LaTeX Font Info:    External font `cmex10' loaded for size
(Font)              <7> on input line 653.
LaTeX Font Info:    External font `cmex10' loaded for size
(Font)              <5> on input line 653.
 [9] [10] [11] [12] [13] [14] [15]) [16]
(ijl20_bib.aux) ) 
Here is how much of TeX's memory you used:
 451 strings out of 10947
 4148 string characters out of 73400
 47876 words of memory out of 262141
 3349 multiletter control sequences out of 9500
 7927 words of font info for 28 fonts, out of 100000 for 255
 14 hyphenation exceptions out of 607
 23i,6n,18p,134b,294s stack positions out of 300i,100n,60p,3000b,4000s

Output written on ijl20_bib.dvi (16 pages, 52308 bytes).
